<?xml version="1.0" encoding="UTF-8"?>
<testsuite name="demoqa.TextBoxTest" tests="1" skipped="0" failures="0" errors="0" timestamp="2023-06-29T07:01:47" hostname="192.168.1.2" time="31.509">
  <properties/>
  <testcase name="fillFormTest()" classname="demoqa.TextBoxTest" time="31.509"/>
  <system-out><![CDATA[]]></system-out>
  <system-err><![CDATA[[Test worker] INFO com.codeborne.selenide.impl.WebDriverThreadLocalContainer - No webdriver is bound to current thread: 1 - let's create a new webdriver
[Test worker] INFO com.codeborne.selenide.impl.FileHelper - Creating folder: /Users/jakhongirrazzakov/Desktop/IDEA/demoqa-test/build/downloads/1688022107556_51039_1
[Test worker] INFO io.github.bonigarcia.wdm.WebDriverManager - Using chromedriver 114.0.5735.90 (resolved driver for Chrome 114)
[Test worker] INFO io.github.bonigarcia.wdm.WebDriverManager - Exporting webdriver.chrome.driver as /Users/jakhongirrazzakov/.cache/selenium/chromedriver/mac64/114.0.5735.90/chromedriver
[Test worker] INFO com.codeborne.selenide.webdriver.SelenideNettyClientFactory - Changed readTimeout from PT3M to PT1M30S
Starting ChromeDriver 114.0.5735.90 (386bc09e8f4f2e025eddae123f36f6263096ae49-refs/branch-heads/5735@{#1052}) on port 11989
Only local connections are allowed.
Please see https://chromedriver.chromium.org/security-considerations for suggestions on keeping ChromeDriver safe.
ChromeDriver was started successfully.
[Test worker] INFO com.codeborne.selenide.webdriver.SelenideNettyClientFactory - Changed readTimeout from PT3M to PT1M30S
[Test worker] INFO com.codeborne.selenide.webdriver.SelenideNettyClientFactory - Changed readTimeout from PT3M to PT1M30S
Jun 29, 2023 12:01:54 PM org.openqa.selenium.devtools.CdpVersionFinder findNearestMatch
WARNING: Unable to find an exact match for CDP version 114, so returning the closest version found: 113
[Test worker] INFO com.codeborne.selenide.webdriver.WebDriverFactory - BrowserName=chrome Version=114.0.5735.198 Platform=mac
[Test worker] INFO com.codeborne.selenide.webdriver.WebDriverFactory - Selenide v. 6.15.0
[Test worker] INFO com.codeborne.selenide.webdriver.WebDriverFactory - Selenium WebDriver v. 4.9.1 build revision: eb2032df7f
[Test worker] INFO com.codeborne.selenide.drivercommands.CreateDriverCommand - Created webdriver in thread 1: ChromeDriver -> ChromeDriver: chrome on mac (f1f48351b0f9d985e5b8c24b1ee1549d)
[Test worker] INFO com.codeborne.selenide.drivercommands.DisposablesRegistry - Register WebDriverInstance[config=StaticConfig,webDriver=ChromeDriver: chrome on mac (f1f48351b0f9d985e5b8c24b1ee1549d),proxy=null,downloadsFolder=/Users/jakhongirrazzakov/Desktop/IDEA/demoqa-test/build/downloads/1688022107556_51039_1] in 1 [size=1]
[Test worker] INFO com.codeborne.selenide.drivercommands.DisposablesRegistry - Add shutdown hook in 1 [size=1]
]]></system-err>
</testsuite>
